total 4
-rw-r--r-- 1 root root  0 may 29 12:04 1.txt
-rw-r--r-- 1 root root  0 may 29 12:04 2.txt
-rw-r--r-- 1 root root  0 may 29 12:04 3.md
-rw-r--r-- 1 root root  0 may 29 12:04 4.txt
-rw-r--r-- 1 root root  0 may 29 12:04 5.txt
-rw-r--r-- 1 root root  0 may 29 12:04 6.txt
-rw-r--r-- 1 root root  0 may 29 12:04 7.txt
-rw-r--r-- 1 root root  0 may 29 12:04 8.txt
-rw-r--r-- 1 root root  0 may 29 12:04 9.txt
-rw-r--r-- 1 root root  0 may 29 12:04 10.txt
-rw-r--r-- 1 root root  0 may 29 12:04 11.txt
-rw-r--r-- 1 root root  0 may 29 12:04 12.txt
-rw-r--r-- 1 root root  0 may 29 12:04 13.md
-rw-r--r-- 1 root root  0 may 29 12:04 14.txt
-rw-r--r-- 1 root root  0 may 29 12:04 15.txt
-rw-r--r-- 1 root root  0 may 29 12:04 16.txt
-rw-r--r-- 1 root root  0 may 29 12:04 17.txt
-rw-r--r-- 1 root root  0 may 29 12:04 18.txt
-rw-r--r-- 1 root root  0 may 29 12:04 19.txt
-rw-r--r-- 1 root root  0 may 29 12:04 20.txt
-rw-r--r-- 1 root root  0 may 29 12:04 21.txt
-rw-r--r-- 1 root root  0 may 29 12:04 22.txt
-rw-r--r-- 1 root root  0 may 29 12:04 23.md
-rw-r--r-- 1 root root 54 may 29 12:04 23y29.gz
-rw-r--r-- 1 root root  0 may 29 12:04 24.txt
-rw-r--r-- 1 root root  0 may 29 12:04 25.txt
-rw-r--r-- 1 root root  0 may 29 12:04 26.txt
-rw-r--r-- 1 root root  0 may 29 12:04 27.txt
-rw-r--r-- 1 root root  0 may 29 12:04 28.txt
-rw-r--r-- 1 root root  0 may 29 12:04 29.txt
-rw-r--r-- 1 root root  0 may 29 12:04 30.md
-rw-r--r-- 1 root root  0 may 29 12:04 31.md
-rw-r--r-- 1 root root  0 may 29 12:04 32.md
-rw-r--r-- 1 root root  0 may 29 12:04 33.md
-rw-r--r-- 1 root root  0 may 29 12:04 34.md
-rw-r--r-- 1 root root  0 may 29 12:04 35.md
-rw-r--r-- 1 root root  0 may 29 12:04 36.md
-rw-r--r-- 1 root root  0 may 29 12:04 37.md
-rw-r--r-- 1 root root  0 may 29 12:04 38.md
-rw-r--r-- 1 root root  0 may 29 12:04 39.md
-rw-r--r-- 1 root root  0 may 29 12:04 40.txt
-rw-r--r-- 1 root root  0 may 29 12:04 Ejercicio_1.out
